  homework 4.cpp
c:\program files (x86)\microsoft directx sdk (june 2010)\include\dxgitype.h(12): warning C4005: 'DXGI_STATUS_OCCLUDED': macro redefinition
  c:\program files (x86)\windows kits\8.1\include\shared\winerror.h(50092): note: see previous definition of 'DXGI_STATUS_OCCLUDED'
c:\program files (x86)\microsoft directx sdk (june 2010)\include\dxgitype.h(13): warning C4005: 'DXGI_STATUS_CLIPPED': macro redefinition
  c:\program files (x86)\windows kits\8.1\include\shared\winerror.h(50101): note: see previous definition of 'DXGI_STATUS_CLIPPED'
c:\program files (x86)\microsoft directx sdk (june 2010)\include\dxgitype.h(14): warning C4005: 'DXGI_STATUS_NO_REDIRECTION': macro redefinition
  c:\program files (x86)\windows kits\8.1\include\shared\winerror.h(50110): note: see previous definition of 'DXGI_STATUS_NO_REDIRECTION'
c:\program files (x86)\microsoft directx sdk (june 2010)\include\dxgitype.h(15): warning C4005: 'DXGI_STATUS_NO_DESKTOP_ACCESS': macro redefinition
  c:\program files (x86)\windows kits\8.1\include\shared\winerror.h(50119): note: see previous definition of 'DXGI_STATUS_NO_DESKTOP_ACCESS'
c:\program files (x86)\microsoft directx sdk (june 2010)\include\dxgitype.h(16): warning C4005: 'DXGI_STATUS_GRAPHICS_VIDPN_SOURCE_IN_USE': macro redefinition
  c:\program files (x86)\windows kits\8.1\include\shared\winerror.h(50128): note: see previous definition of 'DXGI_STATUS_GRAPHICS_VIDPN_SOURCE_IN_USE'
c:\program files (x86)\microsoft directx sdk (june 2010)\include\dxgitype.h(17): warning C4005: 'DXGI_STATUS_MODE_CHANGED': macro redefinition
  c:\program files (x86)\windows kits\8.1\include\shared\winerror.h(50137): note: see previous definition of 'DXGI_STATUS_MODE_CHANGED'
c:\program files (x86)\microsoft directx sdk (june 2010)\include\dxgitype.h(18): warning C4005: 'DXGI_STATUS_MODE_CHANGE_IN_PROGRESS': macro redefinition
  c:\program files (x86)\windows kits\8.1\include\shared\winerror.h(50146): note: see previous definition of 'DXGI_STATUS_MODE_CHANGE_IN_PROGRESS'
c:\program files (x86)\microsoft directx sdk (june 2010)\include\dxgitype.h(21): warning C4005: 'DXGI_ERROR_INVALID_CALL': macro redefinition
  c:\program files (x86)\windows kits\8.1\include\shared\winerror.h(50161): note: see previous definition of 'DXGI_ERROR_INVALID_CALL'
c:\program files (x86)\microsoft directx sdk (june 2010)\include\dxgitype.h(22): warning C4005: 'DXGI_ERROR_NOT_FOUND': macro redefinition
  c:\program files (x86)\windows kits\8.1\include\shared\winerror.h(50170): note: see previous definition of 'DXGI_ERROR_NOT_FOUND'
c:\program files (x86)\microsoft directx sdk (june 2010)\include\dxgitype.h(23): warning C4005: 'DXGI_ERROR_MORE_DATA': macro redefinition
  c:\program files (x86)\windows kits\8.1\include\shared\winerror.h(50179): note: see previous definition of 'DXGI_ERROR_MORE_DATA'
c:\program files (x86)\microsoft directx sdk (june 2010)\include\dxgitype.h(24): warning C4005: 'DXGI_ERROR_UNSUPPORTED': macro redefinition
  c:\program files (x86)\windows kits\8.1\include\shared\winerror.h(50188): note: see previous definition of 'DXGI_ERROR_UNSUPPORTED'
c:\program files (x86)\microsoft directx sdk (june 2010)\include\dxgitype.h(25): warning C4005: 'DXGI_ERROR_DEVICE_REMOVED': macro redefinition
  c:\program files (x86)\windows kits\8.1\include\shared\winerror.h(50197): note: see previous definition of 'DXGI_ERROR_DEVICE_REMOVED'
c:\program files (x86)\microsoft directx sdk (june 2010)\include\dxgitype.h(26): warning C4005: 'DXGI_ERROR_DEVICE_HUNG': macro redefinition
  c:\program files (x86)\windows kits\8.1\include\shared\winerror.h(50206): note: see previous definition of 'DXGI_ERROR_DEVICE_HUNG'
c:\program files (x86)\microsoft directx sdk (june 2010)\include\dxgitype.h(27): warning C4005: 'DXGI_ERROR_DEVICE_RESET': macro redefinition
  c:\program files (x86)\windows kits\8.1\include\shared\winerror.h(50216): note: see previous definition of 'DXGI_ERROR_DEVICE_RESET'
c:\program files (x86)\microsoft directx sdk (june 2010)\include\dxgitype.h(28): warning C4005: 'DXGI_ERROR_WAS_STILL_DRAWING': macro redefinition
  c:\program files (x86)\windows kits\8.1\include\shared\winerror.h(50225): note: see previous definition of 'DXGI_ERROR_WAS_STILL_DRAWING'
c:\program files (x86)\microsoft directx sdk (june 2010)\include\dxgitype.h(29): warning C4005: 'DXGI_ERROR_FRAME_STATISTICS_DISJOINT': macro redefinition
  c:\program files (x86)\windows kits\8.1\include\shared\winerror.h(50235): note: see previous definition of 'DXGI_ERROR_FRAME_STATISTICS_DISJOINT'
c:\program files (x86)\microsoft directx sdk (june 2010)\include\dxgitype.h(30): warning C4005: 'DXGI_ERROR_GRAPHICS_VIDPN_SOURCE_IN_USE': macro redefinition
  c:\program files (x86)\windows kits\8.1\include\shared\winerror.h(50244): note: see previous definition of 'DXGI_ERROR_GRAPHICS_VIDPN_SOURCE_IN_USE'
c:\program files (x86)\microsoft directx sdk (june 2010)\include\dxgitype.h(31): warning C4005: 'DXGI_ERROR_DRIVER_INTERNAL_ERROR': macro redefinition
  c:\program files (x86)\windows kits\8.1\include\shared\winerror.h(50254): note: see previous definition of 'DXGI_ERROR_DRIVER_INTERNAL_ERROR'
c:\program files (x86)\microsoft directx sdk (june 2010)\include\dxgitype.h(32): warning C4005: 'DXGI_ERROR_NONEXCLUSIVE': macro redefinition
  c:\program files (x86)\windows kits\8.1\include\shared\winerror.h(50263): note: see previous definition of 'DXGI_ERROR_NONEXCLUSIVE'
c:\program files (x86)\microsoft directx sdk (june 2010)\include\dxgitype.h(33): warning C4005: 'DXGI_ERROR_NOT_CURRENTLY_AVAILABLE': macro redefinition
  c:\program files (x86)\windows kits\8.1\include\shared\winerror.h(50272): note: see previous definition of 'DXGI_ERROR_NOT_CURRENTLY_AVAILABLE'
c:\program files (x86)\microsoft directx sdk (june 2010)\include\dxgitype.h(34): warning C4005: 'DXGI_ERROR_REMOTE_CLIENT_DISCONNECTED': macro redefinition
  c:\program files (x86)\windows kits\8.1\include\shared\winerror.h(50282): note: see previous definition of 'DXGI_ERROR_REMOTE_CLIENT_DISCONNECTED'
c:\program files (x86)\microsoft directx sdk (june 2010)\include\dxgitype.h(35): warning C4005: 'DXGI_ERROR_REMOTE_OUTOFMEMORY': macro redefinition
  c:\program files (x86)\windows kits\8.1\include\shared\winerror.h(50291): note: see previous definition of 'DXGI_ERROR_REMOTE_OUTOFMEMORY'
c:\program files (x86)\microsoft directx sdk (june 2010)\include\d3d11.h(917): warning C4005: 'D3D11_ERROR_TOO_MANY_UNIQUE_STATE_OBJECTS': macro redefinition
  c:\program files (x86)\windows kits\8.1\include\shared\winerror.h(50469): note: see previous definition of 'D3D11_ERROR_TOO_MANY_UNIQUE_STATE_OBJECTS'
c:\program files (x86)\microsoft directx sdk (june 2010)\include\d3d11.h(918): warning C4005: 'D3D11_ERROR_FILE_NOT_FOUND': macro redefinition
  c:\program files (x86)\windows kits\8.1\include\shared\winerror.h(50478): note: see previous definition of 'D3D11_ERROR_FILE_NOT_FOUND'
c:\program files (x86)\microsoft directx sdk (june 2010)\include\d3d11.h(919): warning C4005: 'D3D11_ERROR_TOO_MANY_UNIQUE_VIEW_OBJECTS': macro redefinition
  c:\program files (x86)\windows kits\8.1\include\shared\winerror.h(50488): note: see previous definition of 'D3D11_ERROR_TOO_MANY_UNIQUE_VIEW_OBJECTS'
c:\program files (x86)\microsoft directx sdk (june 2010)\include\d3d11.h(920): warning C4005: 'D3D11_ERROR_DEFERRED_CONTEXT_MAP_WITHOUT_INITIAL_DISCARD': macro redefinition
  c:\program files (x86)\windows kits\8.1\include\shared\winerror.h(50497): note: see previous definition of 'D3D11_ERROR_DEFERRED_CONTEXT_MAP_WITHOUT_INITIAL_DISCARD'
c:\program files (x86)\microsoft directx sdk (june 2010)\include\d3d10.h(608): warning C4005: 'D3D10_ERROR_TOO_MANY_UNIQUE_STATE_OBJECTS': macro redefinition
  c:\program files (x86)\windows kits\8.1\include\shared\winerror.h(50445): note: see previous definition of 'D3D10_ERROR_TOO_MANY_UNIQUE_STATE_OBJECTS'
c:\program files (x86)\microsoft directx sdk (june 2010)\include\d3d10.h(609): warning C4005: 'D3D10_ERROR_FILE_NOT_FOUND': macro redefinition
  c:\program files (x86)\windows kits\8.1\include\shared\winerror.h(50454): note: see previous definition of 'D3D10_ERROR_FILE_NOT_FOUND'
c:\program files (x86)\microsoft directx sdk (june 2010)\include\xnamath.h(2662): warning C4838: conversion from 'unsigned int' to 'INT' requires a narrowing conversion
c:\program files (x86)\microsoft directx sdk (june 2010)\include\xnamath.h(2663): warning C4838: conversion from 'unsigned int' to 'INT' requires a narrowing conversion
c:\program files (x86)\microsoft directx sdk (june 2010)\include\xnamath.h(2664): warning C4838: conversion from 'unsigned int' to 'INT' requires a narrowing conversion
c:\program files (x86)\microsoft directx sdk (june 2010)\include\xnamath.h(2665): warning C4838: conversion from 'unsigned int' to 'INT' requires a narrowing conversion
c:\program files (x86)\microsoft directx sdk (june 2010)\include\xnamath.h(2666): warning C4838: conversion from 'unsigned int' to 'INT' requires a narrowing conversion
c:\program files (x86)\microsoft directx sdk (june 2010)\include\xnamath.h(2667): warning C4838: conversion from 'unsigned int' to 'INT' requires a narrowing conversion
c:\program files (x86)\microsoft directx sdk (june 2010)\include\xnamath.h(2668): warning C4838: conversion from 'unsigned int' to 'INT' requires a narrowing conversion
c:\program files (x86)\microsoft directx sdk (june 2010)\include\xnamath.h(2689): warning C4838: conversion from 'unsigned int' to 'INT' requires a narrowing conversion
c:\program files (x86)\microsoft directx sdk (june 2010)\include\xnamath.h(2690): warning C4838: conversion from 'unsigned int' to 'INT' requires a narrowing conversion
c:\program files (x86)\microsoft directx sdk (june 2010)\include\xnamath.h(2691): warning C4838: conversion from 'unsigned int' to 'INT' requires a narrowing conversion
c:\program files (x86)\microsoft directx sdk (june 2010)\include\xnamath.h(2694): warning C4838: conversion from 'unsigned int' to 'INT' requires a narrowing conversion
c:\program files (x86)\microsoft directx sdk (june 2010)\include\xnamath.h(2695): warning C4838: conversion from 'unsigned int' to 'INT' requires a narrowing conversion
c:\program files (x86)\microsoft directx sdk (june 2010)\include\xnamath.h(2698): warning C4838: conversion from 'unsigned int' to 'INT' requires a narrowing conversion
c:\program files (x86)\microsoft directx sdk (june 2010)\include\xnamath.h(2702): warning C4838: conversion from 'unsigned int' to 'INT' requires a narrowing conversion
c:\program files (x86)\microsoft directx sdk (june 2010)\include\xnamath.h(2712): warning C4838: conversion from 'unsigned int' to 'INT' requires a narrowing conversion
c:\program files (x86)\microsoft directx sdk (june 2010)\include\xnamath.h(2713): warning C4838: conversion from 'unsigned int' to 'INT' requires a narrowing conversion
c:\program files (x86)\microsoft directx sdk (june 2010)\include\xnamath.h(2715): warning C4838: conversion from 'unsigned int' to 'INT' requires a narrowing conversion
c:\program files (x86)\microsoft directx sdk (june 2010)\include\xnamath.h(2716): warning C4838: conversion from 'unsigned int' to 'INT' requires a narrowing conversion
c:\program files (x86)\microsoft directx sdk (june 2010)\include\xnamath.h(2717): warning C4838: conversion from 'unsigned int' to 'INT' requires a narrowing conversion
c:\program files (x86)\microsoft directx sdk (june 2010)\include\xnamath.h(2727): warning C4838: conversion from 'unsigned int' to 'INT' requires a narrowing conversion
c:\program files (x86)\microsoft directx sdk (june 2010)\include\xnamath.h(2728): warning C4838: conversion from 'unsigned int' to 'INT' requires a narrowing conversion
c:\program files (x86)\microsoft directx sdk (june 2010)\include\xnamath.h(2729): warning C4838: conversion from 'unsigned int' to 'INT' requires a narrowing conversion
c:\program files (x86)\microsoft directx sdk (june 2010)\include\xnamath.h(2730): warning C4838: conversion from 'unsigned int' to 'INT' requires a narrowing conversion
c:\program files (x86)\microsoft directx sdk (june 2010)\include\xnamath.h(2731): warning C4838: conversion from 'unsigned int' to 'INT' requires a narrowing conversion
c:\program files (x86)\microsoft directx sdk (june 2010)\include\xnamath.h(2732): warning C4838: conversion from 'unsigned int' to 'INT' requires a narrowing conversion
c:\program files (x86)\microsoft directx sdk (june 2010)\include\xnamath.h(2742): warning C4838: conversion from 'unsigned int' to 'INT' requires a narrowing conversion
c:\program files (x86)\microsoft directx sdk (june 2010)\include\xnamath.h(2743): warning C4838: conversion from 'unsigned int' to 'INT' requires a narrowing conversion
c:\program files (x86)\microsoft directx sdk (june 2010)\include\xnamath.h(2754): warning C4838: conversion from 'unsigned int' to 'INT' requires a narrowing conversion
c:\program files (x86)\microsoft directx sdk (june 2010)\include\xnamathconvert.inl(2254): warning C4838: conversion from 'unsigned int' to 'INT' requires a narrowing conversion
c:\program files (x86)\microsoft directx sdk (june 2010)\include\xnamathconvert.inl(4523): warning C4838: conversion from 'unsigned int' to 'INT' requires a narrowing conversion
c:\program files (x86)\microsoft directx sdk (june 2010)\include\xnamathconvert.inl(4577): warning C4838: conversion from 'unsigned int' to 'INT' requires a narrowing conversion
c:\program files (x86)\microsoft directx sdk (june 2010)\include\xnamathconvert.inl(4639): warning C4838: conversion from 'unsigned int' to 'INT' requires a narrowing conversion
c:\program files (x86)\microsoft directx sdk (june 2010)\include\xnamathconvert.inl(4707): warning C4838: conversion from 'unsigned int' to 'INT' requires a narrowing conversion
c:\program files (x86)\microsoft directx sdk (june 2010)\include\xnamathconvert.inl(4770): warning C4838: conversion from 'unsigned int' to 'INT' requires a narrowing conversion
c:\program files (x86)\microsoft directx sdk (june 2010)\include\xnamathconvert.inl(4832): warning C4838: conversion from 'unsigned int' to 'INT' requires a narrowing conversion
c:\program files (x86)\microsoft directx sdk (june 2010)\include\xnamathvector.inl(1269): warning C4838: conversion from 'unsigned int' to 'INT' requires a narrowing conversion
c:\program files (x86)\microsoft directx sdk (june 2010)\include\xnamathmisc.inl(518): warning C4838: conversion from 'unsigned int' to 'INT' requires a narrowing conversion
c:\program files (x86)\microsoft directx sdk (june 2010)\include\xnamathmisc.inl(519): warning C4838: conversion from 'unsigned int' to 'INT' requires a narrowing conversion
c:\users\gaming lab\documents\github\cloud-voxels-6-29-working\groundwork.h(62): warning C4552: '/': operator has no effect; expected operator with side-effect
c:\users\gaming lab\documents\github\cloud-voxels-6-29-working\groundwork.h(100): warning C4100: 'ViewMatrix': unreferenced formal parameter
c:\users\gaming lab\documents\github\cloud-voxels-6-29-working\groundwork.h(139): warning C4244: 'initializing': conversion from 'double' to 'float', possible loss of data
c:\users\gaming lab\documents\github\cloud-voxels-6-29-working\groundwork.h(207): warning C4244: '=': conversion from 'int' to 'FLOAT', possible loss of data
c:\users\gaming lab\documents\github\cloud-voxels-6-29-working\groundwork.h(208): warning C4244: '=': conversion from 'int' to 'FLOAT', possible loss of data
c:\users\gaming lab\documents\github\cloud-voxels-6-29-working\groundwork.h(209): warning C4244: '=': conversion from 'int' to 'FLOAT', possible loss of data
c:\users\gaming lab\documents\github\cloud-voxels-6-29-working\controller.h(106): warning C4244: '=': conversion from 'int' to 'WORD', possible loss of data
c:\users\gaming lab\documents\github\cloud-voxels-6-29-working\controller.h(107): warning C4244: '=': conversion from 'int' to 'WORD', possible loss of data
c:\users\gaming lab\documents\github\cloud-voxels-6-29-working\homework 4.cpp(128): warning C4244: 'argument': conversion from 'time_t' to 'unsigned int', possible loss of data
c:\users\gaming lab\documents\github\cloud-voxels-6-29-working\homework 4.cpp(820): warning C4100: 'keyFlags': unreferenced formal parameter
c:\users\gaming lab\documents\github\cloud-voxels-6-29-working\homework 4.cpp(820): warning C4100: 'y': unreferenced formal parameter
c:\users\gaming lab\documents\github\cloud-voxels-6-29-working\homework 4.cpp(820): warning C4100: 'x': unreferenced formal parameter
c:\users\gaming lab\documents\github\cloud-voxels-6-29-working\homework 4.cpp(820): warning C4100: 'fDoubleClick': unreferenced formal parameter
c:\users\gaming lab\documents\github\cloud-voxels-6-29-working\homework 4.cpp(820): warning C4100: 'hwnd': unreferenced formal parameter
c:\users\gaming lab\documents\github\cloud-voxels-6-29-working\homework 4.cpp(821): warning C4100: 'keyFlags': unreferenced formal parameter
c:\users\gaming lab\documents\github\cloud-voxels-6-29-working\homework 4.cpp(821): warning C4100: 'y': unreferenced formal parameter
c:\users\gaming lab\documents\github\cloud-voxels-6-29-working\homework 4.cpp(821): warning C4100: 'x': unreferenced formal parameter
c:\users\gaming lab\documents\github\cloud-voxels-6-29-working\homework 4.cpp(821): warning C4100: 'fDoubleClick': unreferenced formal parameter
c:\users\gaming lab\documents\github\cloud-voxels-6-29-working\homework 4.cpp(821): warning C4100: 'hwnd': unreferenced formal parameter
c:\users\gaming lab\documents\github\cloud-voxels-6-29-working\homework 4.cpp(822): warning C4100: 'cRepeat': unreferenced formal parameter
c:\users\gaming lab\documents\github\cloud-voxels-6-29-working\homework 4.cpp(822): warning C4100: 'ch': unreferenced formal parameter
c:\users\gaming lab\documents\github\cloud-voxels-6-29-working\homework 4.cpp(822): warning C4100: 'hwnd': unreferenced formal parameter
c:\users\gaming lab\documents\github\cloud-voxels-6-29-working\homework 4.cpp(823): warning C4100: 'keyFlags': unreferenced formal parameter
c:\users\gaming lab\documents\github\cloud-voxels-6-29-working\homework 4.cpp(823): warning C4100: 'y': unreferenced formal parameter
c:\users\gaming lab\documents\github\cloud-voxels-6-29-working\homework 4.cpp(823): warning C4100: 'x': unreferenced formal parameter
c:\users\gaming lab\documents\github\cloud-voxels-6-29-working\homework 4.cpp(823): warning C4100: 'hwnd': unreferenced formal parameter
c:\users\gaming lab\documents\github\cloud-voxels-6-29-working\homework 4.cpp(824): warning C4100: 'keyFlags': unreferenced formal parameter
c:\users\gaming lab\documents\github\cloud-voxels-6-29-working\homework 4.cpp(824): warning C4100: 'y': unreferenced formal parameter
c:\users\gaming lab\documents\github\cloud-voxels-6-29-working\homework 4.cpp(824): warning C4100: 'x': unreferenced formal parameter
c:\users\gaming lab\documents\github\cloud-voxels-6-29-working\homework 4.cpp(824): warning C4100: 'hwnd': unreferenced formal parameter
c:\users\gaming lab\documents\github\cloud-voxels-6-29-working\homework 4.cpp(870): warning C4244: 'initializing': conversion from 'double' to 'float', possible loss of data
c:\users\gaming lab\documents\github\cloud-voxels-6-29-working\homework 4.cpp(871): warning C4244: 'initializing': conversion from 'double' to 'float', possible loss of data
c:\users\gaming lab\documents\github\cloud-voxels-6-29-working\homework 4.cpp(883): warning C4100: 'lpCreateStruct': unreferenced formal parameter
c:\users\gaming lab\documents\github\cloud-voxels-6-29-working\homework 4.cpp(899): warning C4100: 'id': unreferenced formal parameter
c:\users\gaming lab\documents\github\cloud-voxels-6-29-working\homework 4.cpp(899): warning C4100: 'hwnd': unreferenced formal parameter
c:\users\gaming lab\documents\github\cloud-voxels-6-29-working\homework 4.cpp(902): warning C4100: 'flags': unreferenced formal parameter
c:\users\gaming lab\documents\github\cloud-voxels-6-29-working\homework 4.cpp(902): warning C4100: 'cRepeat': unreferenced formal parameter
c:\users\gaming lab\documents\github\cloud-voxels-6-29-working\homework 4.cpp(902): warning C4100: 'fDown': unreferenced formal parameter
c:\users\gaming lab\documents\github\cloud-voxels-6-29-working\homework 4.cpp(902): warning C4100: 'hwnd': unreferenced formal parameter
c:\users\gaming lab\documents\github\cloud-voxels-6-29-working\homework 4.cpp(924): warning C4100: 'flags': unreferenced formal parameter
c:\users\gaming lab\documents\github\cloud-voxels-6-29-working\homework 4.cpp(924): warning C4100: 'cRepeat': unreferenced formal parameter
c:\users\gaming lab\documents\github\cloud-voxels-6-29-working\homework 4.cpp(924): warning C4100: 'fDown': unreferenced formal parameter
c:\users\gaming lab\documents\github\cloud-voxels-6-29-working\homework 4.cpp(924): warning C4100: 'hwnd': unreferenced formal parameter
c:\users\gaming lab\documents\github\cloud-voxels-6-29-working\homework 4.cpp(949): warning C4189: 'breakpoint': local variable is initialized but not referenced
c:\users\gaming lab\documents\github\cloud-voxels-6-29-working\homework 4.cpp(1024): warning C4459: declaration of 'g_pd3dDevice' hides global declaration
  c:\users\gaming lab\documents\github\cloud-voxels-6-29-working\homework 4.cpp(17): note: see declaration of 'g_pd3dDevice'
c:\users\gaming lab\documents\github\cloud-voxels-6-29-working\homework 4.cpp(1024): warning C4459: declaration of 'vertex_count' hides global declaration
  c:\users\gaming lab\documents\github\cloud-voxels-6-29-working\homework 4.cpp(65): note: see declaration of 'vertex_count'
c:\users\gaming lab\documents\github\cloud-voxels-6-29-working\homework 4.cpp(1089): warning C4244: 'initializing': conversion from 'double' to 'int', possible loss of data
c:\users\gaming lab\documents\github\cloud-voxels-6-29-working\homework 4.cpp(1091): warning C4244: 'initializing': conversion from 'double' to 'int', possible loss of data
c:\users\gaming lab\documents\github\cloud-voxels-6-29-working\homework 4.cpp(1092): warning C4244: 'argument': conversion from 'int' to 'FLOAT', possible loss of data
c:\users\gaming lab\documents\github\cloud-voxels-6-29-working\homework 4.cpp(1124): warning C4244: '=': conversion from 'double' to 'float', possible loss of data
c:\users\gaming lab\documents\github\cloud-voxels-6-29-working\homework 4.cpp(1125): warning C4244: '+=': conversion from 'double' to 'float', possible loss of data
c:\users\gaming lab\documents\github\cloud-voxels-6-29-working\homework 4.cpp(1130): warning C4244: '+=': conversion from 'double' to 'float', possible loss of data
c:\users\gaming lab\documents\github\cloud-voxels-6-29-working\homework 4.cpp(1180): warning C4018: '<': signed/unsigned mismatch
c:\users\gaming lab\documents\github\cloud-voxels-6-29-working\homework 4.cpp(1182): warning C4456: declaration of 'constantbuffer' hides previous local declaration
  c:\users\gaming lab\documents\github\cloud-voxels-6-29-working\homework 4.cpp(1116): note: see declaration of 'constantbuffer'
c:\users\gaming lab\documents\github\cloud-voxels-6-29-working\homework 4.cpp(1217): warning C4456: declaration of 'd3dtexture' hides previous local declaration
  c:\users\gaming lab\documents\github\cloud-voxels-6-29-working\homework 4.cpp(1170): note: see declaration of 'd3dtexture'
c:\users\gaming lab\documents\github\cloud-voxels-6-29-working\homework 4.cpp(1261): warning C4244: '=': conversion from 'double' to 'float', possible loss of data
c:\users\gaming lab\documents\github\cloud-voxels-6-29-working\homework 4.cpp(1262): warning C4244: '+=': conversion from 'double' to 'float', possible loss of data
c:\users\gaming lab\documents\github\cloud-voxels-6-29-working\homework 4.cpp(1306): warning C4244: '+=': conversion from 'double' to 'float', possible loss of data
c:\users\gaming lab\documents\github\cloud-voxels-6-29-working\homework 4.cpp(1345): warning C4018: '<': signed/unsigned mismatch
c:\users\gaming lab\documents\github\cloud-voxels-6-29-working\homework 4.cpp(1347): warning C4456: declaration of 'constantbuffer' hides previous local declaration
  c:\users\gaming lab\documents\github\cloud-voxels-6-29-working\homework 4.cpp(1253): note: see declaration of 'constantbuffer'
c:\users\gaming lab\documents\github\cloud-voxels-6-29-working\homework 4.cpp(1384): warning C4456: declaration of 'd3dtexture' hides previous local declaration
  c:\users\gaming lab\documents\github\cloud-voxels-6-29-working\homework 4.cpp(1335): note: see declaration of 'd3dtexture'
c:\users\gaming lab\documents\github\cloud-voxels-6-29-working\homework 4.cpp(1405): warning C4100: 'elapsed': unreferenced formal parameter
c:\users\gaming lab\documents\github\cloud-voxels-6-29-working\homework 4.cpp(1421): warning C4101: 'det': unreferenced local variable
c:\users\gaming lab\documents\github\cloud-voxels-6-29-working\homework 4.cpp(1458): warning C4100: 'elapsed': unreferenced formal parameter
c:\users\gaming lab\documents\github\cloud-voxels-6-29-working\homework 4.cpp(1507): warning C4100: 'elapsed': unreferenced formal parameter
c:\users\gaming lab\documents\github\cloud-voxels-6-29-working\homework 4.cpp(1525): warning C4101: 'det': unreferenced local variable
c:\users\gaming lab\documents\github\cloud-voxels-6-29-working\homework 4.cpp(1565): warning C4244: '=': conversion from 'double' to 'float', possible loss of data
c:\users\gaming lab\documents\github\cloud-voxels-6-29-working\homework 4.cpp(1566): warning C4244: '=': conversion from 'double' to 'float', possible loss of data
c:\users\gaming lab\documents\github\cloud-voxels-6-29-working\homework 4.cpp(1570): warning C4244: '=': conversion from 'double' to 'FLOAT', possible loss of data
c:\users\gaming lab\documents\github\cloud-voxels-6-29-working\homework 4.cpp(1571): warning C4244: '=': conversion from 'double' to 'FLOAT', possible loss of data
c:\users\gaming lab\documents\github\cloud-voxels-6-29-working\homework 4.cpp(1572): warning C4244: '=': conversion from 'double' to 'FLOAT', possible loss of data
c:\users\gaming lab\documents\github\cloud-voxels-6-29-working\homework 4.cpp(1574): warning C4244: '=': conversion from 'double' to 'float', possible loss of data
c:\users\gaming lab\documents\github\cloud-voxels-6-29-working\homework 4.cpp(1624): warning C4018: '<': signed/unsigned mismatch
c:\users\gaming lab\documents\github\cloud-voxels-6-29-working\homework 4.cpp(1655): warning C4018: '<': signed/unsigned mismatch
c:\users\gaming lab\documents\github\cloud-voxels-6-29-working\homework 4.cpp(1658): warning C4456: declaration of 'constantbuffer' hides previous local declaration
  c:\users\gaming lab\documents\github\cloud-voxels-6-29-working\homework 4.cpp(1601): note: see declaration of 'constantbuffer'
c:\users\gaming lab\documents\github\cloud-voxels-6-29-working\homework 4.cpp(1580): warning C4100: 'elapsed': unreferenced formal parameter
c:\users\gaming lab\documents\github\cloud-voxels-6-29-working\homework 4.cpp(1687): warning C4100: 'elapsed': unreferenced formal parameter
c:\users\gaming lab\documents\github\cloud-voxels-6-29-working\homework 4.cpp(1748): warning C4244: 'initializing': conversion from 'long double' to 'long', possible loss of data
c:\users\gaming lab\documents\github\cloud-voxels-6-29-working\homework 4.cpp(1751): warning C4244: 'argument': conversion from 'long' to 'float', possible loss of data
  render_to_texture.cpp
c:\program files (x86)\microsoft directx sdk (june 2010)\include\dxgitype.h(12): warning C4005: 'DXGI_STATUS_OCCLUDED': macro redefinition
  c:\program files (x86)\windows kits\8.1\include\shared\winerror.h(50092): note: see previous definition of 'DXGI_STATUS_OCCLUDED'
c:\program files (x86)\microsoft directx sdk (june 2010)\include\dxgitype.h(13): warning C4005: 'DXGI_STATUS_CLIPPED': macro redefinition
  c:\program files (x86)\windows kits\8.1\include\shared\winerror.h(50101): note: see previous definition of 'DXGI_STATUS_CLIPPED'
c:\program files (x86)\microsoft directx sdk (june 2010)\include\dxgitype.h(14): warning C4005: 'DXGI_STATUS_NO_REDIRECTION': macro redefinition
  c:\program files (x86)\windows kits\8.1\include\shared\winerror.h(50110): note: see previous definition of 'DXGI_STATUS_NO_REDIRECTION'
c:\program files (x86)\microsoft directx sdk (june 2010)\include\dxgitype.h(15): warning C4005: 'DXGI_STATUS_NO_DESKTOP_ACCESS': macro redefinition
  c:\program files (x86)\windows kits\8.1\include\shared\winerror.h(50119): note: see previous definition of 'DXGI_STATUS_NO_DESKTOP_ACCESS'
c:\program files (x86)\microsoft directx sdk (june 2010)\include\dxgitype.h(16): warning C4005: 'DXGI_STATUS_GRAPHICS_VIDPN_SOURCE_IN_USE': macro redefinition
  c:\program files (x86)\windows kits\8.1\include\shared\winerror.h(50128): note: see previous definition of 'DXGI_STATUS_GRAPHICS_VIDPN_SOURCE_IN_USE'
c:\program files (x86)\microsoft directx sdk (june 2010)\include\dxgitype.h(17): warning C4005: 'DXGI_STATUS_MODE_CHANGED': macro redefinition
  c:\program files (x86)\windows kits\8.1\include\shared\winerror.h(50137): note: see previous definition of 'DXGI_STATUS_MODE_CHANGED'
c:\program files (x86)\microsoft directx sdk (june 2010)\include\dxgitype.h(18): warning C4005: 'DXGI_STATUS_MODE_CHANGE_IN_PROGRESS': macro redefinition
  c:\program files (x86)\windows kits\8.1\include\shared\winerror.h(50146): note: see previous definition of 'DXGI_STATUS_MODE_CHANGE_IN_PROGRESS'
c:\program files (x86)\microsoft directx sdk (june 2010)\include\dxgitype.h(21): warning C4005: 'DXGI_ERROR_INVALID_CALL': macro redefinition
  c:\program files (x86)\windows kits\8.1\include\shared\winerror.h(50161): note: see previous definition of 'DXGI_ERROR_INVALID_CALL'
c:\program files (x86)\microsoft directx sdk (june 2010)\include\dxgitype.h(22): warning C4005: 'DXGI_ERROR_NOT_FOUND': macro redefinition
  c:\program files (x86)\windows kits\8.1\include\shared\winerror.h(50170): note: see previous definition of 'DXGI_ERROR_NOT_FOUND'
c:\program files (x86)\microsoft directx sdk (june 2010)\include\dxgitype.h(23): warning C4005: 'DXGI_ERROR_MORE_DATA': macro redefinition
  c:\program files (x86)\windows kits\8.1\include\shared\winerror.h(50179): note: see previous definition of 'DXGI_ERROR_MORE_DATA'
c:\program files (x86)\microsoft directx sdk (june 2010)\include\dxgitype.h(24): warning C4005: 'DXGI_ERROR_UNSUPPORTED': macro redefinition
  c:\program files (x86)\windows kits\8.1\include\shared\winerror.h(50188): note: see previous definition of 'DXGI_ERROR_UNSUPPORTED'
c:\program files (x86)\microsoft directx sdk (june 2010)\include\dxgitype.h(25): warning C4005: 'DXGI_ERROR_DEVICE_REMOVED': macro redefinition
  c:\program files (x86)\windows kits\8.1\include\shared\winerror.h(50197): note: see previous definition of 'DXGI_ERROR_DEVICE_REMOVED'
c:\program files (x86)\microsoft directx sdk (june 2010)\include\dxgitype.h(26): warning C4005: 'DXGI_ERROR_DEVICE_HUNG': macro redefinition
  c:\program files (x86)\windows kits\8.1\include\shared\winerror.h(50206): note: see previous definition of 'DXGI_ERROR_DEVICE_HUNG'
c:\program files (x86)\microsoft directx sdk (june 2010)\include\dxgitype.h(27): warning C4005: 'DXGI_ERROR_DEVICE_RESET': macro redefinition
  c:\program files (x86)\windows kits\8.1\include\shared\winerror.h(50216): note: see previous definition of 'DXGI_ERROR_DEVICE_RESET'
c:\program files (x86)\microsoft directx sdk (june 2010)\include\dxgitype.h(28): warning C4005: 'DXGI_ERROR_WAS_STILL_DRAWING': macro redefinition
  c:\program files (x86)\windows kits\8.1\include\shared\winerror.h(50225): note: see previous definition of 'DXGI_ERROR_WAS_STILL_DRAWING'
c:\program files (x86)\microsoft directx sdk (june 2010)\include\dxgitype.h(29): warning C4005: 'DXGI_ERROR_FRAME_STATISTICS_DISJOINT': macro redefinition
  c:\program files (x86)\windows kits\8.1\include\shared\winerror.h(50235): note: see previous definition of 'DXGI_ERROR_FRAME_STATISTICS_DISJOINT'
c:\program files (x86)\microsoft directx sdk (june 2010)\include\dxgitype.h(30): warning C4005: 'DXGI_ERROR_GRAPHICS_VIDPN_SOURCE_IN_USE': macro redefinition
  c:\program files (x86)\windows kits\8.1\include\shared\winerror.h(50244): note: see previous definition of 'DXGI_ERROR_GRAPHICS_VIDPN_SOURCE_IN_USE'
c:\program files (x86)\microsoft directx sdk (june 2010)\include\dxgitype.h(31): warning C4005: 'DXGI_ERROR_DRIVER_INTERNAL_ERROR': macro redefinition
  c:\program files (x86)\windows kits\8.1\include\shared\winerror.h(50254): note: see previous definition of 'DXGI_ERROR_DRIVER_INTERNAL_ERROR'
c:\program files (x86)\microsoft directx sdk (june 2010)\include\dxgitype.h(32): warning C4005: 'DXGI_ERROR_NONEXCLUSIVE': macro redefinition
  c:\program files (x86)\windows kits\8.1\include\shared\winerror.h(50263): note: see previous definition of 'DXGI_ERROR_NONEXCLUSIVE'
c:\program files (x86)\microsoft directx sdk (june 2010)\include\dxgitype.h(33): warning C4005: 'DXGI_ERROR_NOT_CURRENTLY_AVAILABLE': macro redefinition
  c:\program files (x86)\windows kits\8.1\include\shared\winerror.h(50272): note: see previous definition of 'DXGI_ERROR_NOT_CURRENTLY_AVAILABLE'
c:\program files (x86)\microsoft directx sdk (june 2010)\include\dxgitype.h(34): warning C4005: 'DXGI_ERROR_REMOTE_CLIENT_DISCONNECTED': macro redefinition
  c:\program files (x86)\windows kits\8.1\include\shared\winerror.h(50282): note: see previous definition of 'DXGI_ERROR_REMOTE_CLIENT_DISCONNECTED'
c:\program files (x86)\microsoft directx sdk (june 2010)\include\dxgitype.h(35): warning C4005: 'DXGI_ERROR_REMOTE_OUTOFMEMORY': macro redefinition
  c:\program files (x86)\windows kits\8.1\include\shared\winerror.h(50291): note: see previous definition of 'DXGI_ERROR_REMOTE_OUTOFMEMORY'
c:\program files (x86)\microsoft directx sdk (june 2010)\include\d3d11.h(917): warning C4005: 'D3D11_ERROR_TOO_MANY_UNIQUE_STATE_OBJECTS': macro redefinition
  c:\program files (x86)\windows kits\8.1\include\shared\winerror.h(50469): note: see previous definition of 'D3D11_ERROR_TOO_MANY_UNIQUE_STATE_OBJECTS'
c:\program files (x86)\microsoft directx sdk (june 2010)\include\d3d11.h(918): warning C4005: 'D3D11_ERROR_FILE_NOT_FOUND': macro redefinition
  c:\program files (x86)\windows kits\8.1\include\shared\winerror.h(50478): note: see previous definition of 'D3D11_ERROR_FILE_NOT_FOUND'
c:\program files (x86)\microsoft directx sdk (june 2010)\include\d3d11.h(919): warning C4005: 'D3D11_ERROR_TOO_MANY_UNIQUE_VIEW_OBJECTS': macro redefinition
  c:\program files (x86)\windows kits\8.1\include\shared\winerror.h(50488): note: see previous definition of 'D3D11_ERROR_TOO_MANY_UNIQUE_VIEW_OBJECTS'
c:\program files (x86)\microsoft directx sdk (june 2010)\include\d3d11.h(920): warning C4005: 'D3D11_ERROR_DEFERRED_CONTEXT_MAP_WITHOUT_INITIAL_DISCARD': macro redefinition
  c:\program files (x86)\windows kits\8.1\include\shared\winerror.h(50497): note: see previous definition of 'D3D11_ERROR_DEFERRED_CONTEXT_MAP_WITHOUT_INITIAL_DISCARD'
c:\program files (x86)\microsoft directx sdk (june 2010)\include\d3d10.h(608): warning C4005: 'D3D10_ERROR_TOO_MANY_UNIQUE_STATE_OBJECTS': macro redefinition
  c:\program files (x86)\windows kits\8.1\include\shared\winerror.h(50445): note: see previous definition of 'D3D10_ERROR_TOO_MANY_UNIQUE_STATE_OBJECTS'
c:\program files (x86)\microsoft directx sdk (june 2010)\include\d3d10.h(609): warning C4005: 'D3D10_ERROR_FILE_NOT_FOUND': macro redefinition
  c:\program files (x86)\windows kits\8.1\include\shared\winerror.h(50454): note: see previous definition of 'D3D10_ERROR_FILE_NOT_FOUND'
c:\program files (x86)\microsoft directx sdk (june 2010)\include\xnamath.h(2662): warning C4838: conversion from 'unsigned int' to 'INT' requires a narrowing conversion
c:\program files (x86)\microsoft directx sdk (june 2010)\include\xnamath.h(2663): warning C4838: conversion from 'unsigned int' to 'INT' requires a narrowing conversion
c:\program files (x86)\microsoft directx sdk (june 2010)\include\xnamath.h(2664): warning C4838: conversion from 'unsigned int' to 'INT' requires a narrowing conversion
c:\program files (x86)\microsoft directx sdk (june 2010)\include\xnamath.h(2665): warning C4838: conversion from 'unsigned int' to 'INT' requires a narrowing conversion
c:\program files (x86)\microsoft directx sdk (june 2010)\include\xnamath.h(2666): warning C4838: conversion from 'unsigned int' to 'INT' requires a narrowing conversion
c:\program files (x86)\microsoft directx sdk (june 2010)\include\xnamath.h(2667): warning C4838: conversion from 'unsigned int' to 'INT' requires a narrowing conversion
c:\program files (x86)\microsoft directx sdk (june 2010)\include\xnamath.h(2668): warning C4838: conversion from 'unsigned int' to 'INT' requires a narrowing conversion
c:\program files (x86)\microsoft directx sdk (june 2010)\include\xnamath.h(2689): warning C4838: conversion from 'unsigned int' to 'INT' requires a narrowing conversion
c:\program files (x86)\microsoft directx sdk (june 2010)\include\xnamath.h(2690): warning C4838: conversion from 'unsigned int' to 'INT' requires a narrowing conversion
c:\program files (x86)\microsoft directx sdk (june 2010)\include\xnamath.h(2691): warning C4838: conversion from 'unsigned int' to 'INT' requires a narrowing conversion
c:\program files (x86)\microsoft directx sdk (june 2010)\include\xnamath.h(2694): warning C4838: conversion from 'unsigned int' to 'INT' requires a narrowing conversion
c:\program files (x86)\microsoft directx sdk (june 2010)\include\xnamath.h(2695): warning C4838: conversion from 'unsigned int' to 'INT' requires a narrowing conversion
c:\program files (x86)\microsoft directx sdk (june 2010)\include\xnamath.h(2698): warning C4838: conversion from 'unsigned int' to 'INT' requires a narrowing conversion
c:\program files (x86)\microsoft directx sdk (june 2010)\include\xnamath.h(2702): warning C4838: conversion from 'unsigned int' to 'INT' requires a narrowing conversion
c:\program files (x86)\microsoft directx sdk (june 2010)\include\xnamath.h(2712): warning C4838: conversion from 'unsigned int' to 'INT' requires a narrowing conversion
c:\program files (x86)\microsoft directx sdk (june 2010)\include\xnamath.h(2713): warning C4838: conversion from 'unsigned int' to 'INT' requires a narrowing conversion
c:\program files (x86)\microsoft directx sdk (june 2010)\include\xnamath.h(2715): warning C4838: conversion from 'unsigned int' to 'INT' requires a narrowing conversion
c:\program files (x86)\microsoft directx sdk (june 2010)\include\xnamath.h(2716): warning C4838: conversion from 'unsigned int' to 'INT' requires a narrowing conversion
c:\program files (x86)\microsoft directx sdk (june 2010)\include\xnamath.h(2717): warning C4838: conversion from 'unsigned int' to 'INT' requires a narrowing conversion
c:\program files (x86)\microsoft directx sdk (june 2010)\include\xnamath.h(2727): warning C4838: conversion from 'unsigned int' to 'INT' requires a narrowing conversion
c:\program files (x86)\microsoft directx sdk (june 2010)\include\xnamath.h(2728): warning C4838: conversion from 'unsigned int' to 'INT' requires a narrowing conversion
c:\program files (x86)\microsoft directx sdk (june 2010)\include\xnamath.h(2729): warning C4838: conversion from 'unsigned int' to 'INT' requires a narrowing conversion
c:\program files (x86)\microsoft directx sdk (june 2010)\include\xnamath.h(2730): warning C4838: conversion from 'unsigned int' to 'INT' requires a narrowing conversion
c:\program files (x86)\microsoft directx sdk (june 2010)\include\xnamath.h(2731): warning C4838: conversion from 'unsigned int' to 'INT' requires a narrowing conversion
c:\program files (x86)\microsoft directx sdk (june 2010)\include\xnamath.h(2732): warning C4838: conversion from 'unsigned int' to 'INT' requires a narrowing conversion
c:\program files (x86)\microsoft directx sdk (june 2010)\include\xnamath.h(2742): warning C4838: conversion from 'unsigned int' to 'INT' requires a narrowing conversion
c:\program files (x86)\microsoft directx sdk (june 2010)\include\xnamath.h(2743): warning C4838: conversion from 'unsigned int' to 'INT' requires a narrowing conversion
c:\program files (x86)\microsoft directx sdk (june 2010)\include\xnamath.h(2754): warning C4838: conversion from 'unsigned int' to 'INT' requires a narrowing conversion
c:\program files (x86)\microsoft directx sdk (june 2010)\include\xnamathconvert.inl(2254): warning C4838: conversion from 'unsigned int' to 'INT' requires a narrowing conversion
c:\program files (x86)\microsoft directx sdk (june 2010)\include\xnamathconvert.inl(4523): warning C4838: conversion from 'unsigned int' to 'INT' requires a narrowing conversion
c:\program files (x86)\microsoft directx sdk (june 2010)\include\xnamathconvert.inl(4577): warning C4838: conversion from 'unsigned int' to 'INT' requires a narrowing conversion
c:\program files (x86)\microsoft directx sdk (june 2010)\include\xnamathconvert.inl(4639): warning C4838: conversion from 'unsigned int' to 'INT' requires a narrowing conversion
c:\program files (x86)\microsoft directx sdk (june 2010)\include\xnamathconvert.inl(4707): warning C4838: conversion from 'unsigned int' to 'INT' requires a narrowing conversion
c:\program files (x86)\microsoft directx sdk (june 2010)\include\xnamathconvert.inl(4770): warning C4838: conversion from 'unsigned int' to 'INT' requires a narrowing conversion
c:\program files (x86)\microsoft directx sdk (june 2010)\include\xnamathconvert.inl(4832): warning C4838: conversion from 'unsigned int' to 'INT' requires a narrowing conversion
c:\program files (x86)\microsoft directx sdk (june 2010)\include\xnamathvector.inl(1269): warning C4838: conversion from 'unsigned int' to 'INT' requires a narrowing conversion
c:\program files (x86)\microsoft directx sdk (june 2010)\include\xnamathmisc.inl(518): warning C4838: conversion from 'unsigned int' to 'INT' requires a narrowing conversion
c:\program files (x86)\microsoft directx sdk (june 2010)\include\xnamathmisc.inl(519): warning C4838: conversion from 'unsigned int' to 'INT' requires a narrowing conversion
c:\users\gaming lab\documents\github\cloud-voxels-6-29-working\groundwork.h(62): warning C4552: '/': operator has no effect; expected operator with side-effect
c:\users\gaming lab\documents\github\cloud-voxels-6-29-working\groundwork.h(100): warning C4100: 'ViewMatrix': unreferenced formal parameter
c:\users\gaming lab\documents\github\cloud-voxels-6-29-working\groundwork.h(139): warning C4244: 'initializing': conversion from 'double' to 'float', possible loss of data
c:\users\gaming lab\documents\github\cloud-voxels-6-29-working\groundwork.h(207): warning C4244: '=': conversion from 'int' to 'FLOAT', possible loss of data
c:\users\gaming lab\documents\github\cloud-voxels-6-29-working\groundwork.h(208): warning C4244: '=': conversion from 'int' to 'FLOAT', possible loss of data
c:\users\gaming lab\documents\github\cloud-voxels-6-29-working\groundwork.h(209): warning C4244: '=': conversion from 'int' to 'FLOAT', possible loss of data
c:\users\gaming lab\documents\github\cloud-voxels-6-29-working\controller.h(106): warning C4244: '=': conversion from 'int' to 'WORD', possible loss of data
c:\users\gaming lab\documents\github\cloud-voxels-6-29-working\controller.h(107): warning C4244: '=': conversion from 'int' to 'WORD', possible loss of data
c:\users\gaming lab\documents\github\cloud-voxels-6-29-working\render_to_texture.cpp(19): warning C4101: 'renderTargetViewDesc': unreferenced local variable
c:\users\gaming lab\documents\github\cloud-voxels-6-29-working\render_to_texture.cpp(158): warning C4100: 'mipmaps': unreferenced formal parameter
c:\users\gaming lab\documents\github\cloud-voxels-6-29-working\render_to_texture.cpp(254): warning C4100: 'mipmaps': unreferenced formal parameter
c:\users\gaming lab\documents\github\cloud-voxels-6-29-working\render_to_texture.cpp(254): warning C4100: 'uav_': unreferenced formal parameter
c:\users\gaming lab\documents\github\cloud-voxels-6-29-working\render_to_texture.cpp(273): warning C4101: 'renderTargetViewDesc': unreferenced local variable
c:\users\gaming lab\documents\github\cloud-voxels-6-29-working\render_to_texture.cpp(274): warning C4101: 'shaderResourceViewDesc': unreferenced local variable
  Generating Code...
c:\users\gaming lab\documents\github\cloud-voxels-6-29-working\render_to_texture.cpp(173): warning C4701: potentially uninitialized local variable 'textureWidth' used
c:\users\gaming lab\documents\github\cloud-voxels-6-29-working\render_to_texture.cpp(174): warning C4701: potentially uninitialized local variable 'textureHeight' used
c:\users\gaming lab\documents\github\cloud-voxels-6-29-working\render_to_texture.cpp(269): warning C4701: potentially uninitialized local variable 'textureWidth' used
c:\users\gaming lab\documents\github\cloud-voxels-6-29-working\render_to_texture.cpp(270): warning C4701: potentially uninitialized local variable 'textureHeight' used
c:\users\gaming lab\documents\github\cloud-voxels-6-29-working\homework 4.cpp(1089): warning C4702: unreachable code
  lecture 8_2010.vcxproj -> C:\Users\Gaming Lab\Documents\GitHub\Cloud-Voxels-6-29-working\Debug\homework 4.exe
